[2026-01-06T16:22:46.605+08:00] actionInActionSpace matched {
  name: 'Input',
  description: 'Input the value into the element',
  interfaceAlias: 'aiInput',
  paramSchema: ZodObject {
    spa: [Function: bound safeParseAsync] AsyncFunction,
    _def: {
      shape: [Function: shape],
      unknownKeys: 'strip',
      catchall: [ZodNever],
      typeName: 'ZodObject'
    },
    parse: [Function: bound parse],
    safeParse: [Function: bound safeParse],
    parseAsync: [Function: bound parseAsync] AsyncFunction,
    safeParseAsync: [Function: bound safeParseAsync] AsyncFunction,
    refine: [Function: bound refine],
    refinement: [Function: bound refinement],
    superRefine: [Function: bound superRefine],
    optional: [Function: bound optional],
    nullable: [Function: bound nullable],
    nullish: [Function: bound nullish],
    array: [Function: bound array],
    promise: [Function: bound promise],
    or: [Function: bound or],
    and: [Function: bound and],
    transform: [Function: bound transform],
    brand: [Function: bound brand],
    default: [Function: bound default],
    catch: [Function: bound catch],
    describe: [Function: bound describe],
    pipe: [Function: bound pipe],
    readonly: [Function: bound readonly],
    isNullable: [Function: bound isNullable],
    isOptional: [Function: bound isOptional],
    '~standard': { version: 1, vendor: 'zod', validate: [Function: validate] },
    _cached: null,
    nonstrict: [Function: passthrough],
    augment: [Function: extend]
  },
  call: [AsyncFunction (anonymous)]
}
[2026-01-06T16:22:46.605+08:00] locateFields [ 'locate' ]
[2026-01-06T16:22:55.213+08:00] actionInActionSpace matched {
  name: 'Input',
  description: 'Input the value into the element',
  interfaceAlias: 'aiInput',
  paramSchema: ZodObject {
    spa: [Function: bound safeParseAsync] AsyncFunction,
    _def: {
      shape: [Function: shape],
      unknownKeys: 'strip',
      catchall: [ZodNever],
      typeName: 'ZodObject'
    },
    parse: [Function: bound parse],
    safeParse: [Function: bound safeParse],
    parseAsync: [Function: bound parseAsync] AsyncFunction,
    safeParseAsync: [Function: bound safeParseAsync] AsyncFunction,
    refine: [Function: bound refine],
    refinement: [Function: bound refinement],
    superRefine: [Function: bound superRefine],
    optional: [Function: bound optional],
    nullable: [Function: bound nullable],
    nullish: [Function: bound nullish],
    array: [Function: bound array],
    promise: [Function: bound promise],
    or: [Function: bound or],
    and: [Function: bound and],
    transform: [Function: bound transform],
    brand: [Function: bound brand],
    default: [Function: bound default],
    catch: [Function: bound catch],
    describe: [Function: bound describe],
    pipe: [Function: bound pipe],
    readonly: [Function: bound readonly],
    isNullable: [Function: bound isNullable],
    isOptional: [Function: bound isOptional],
    '~standard': { version: 1, vendor: 'zod', validate: [Function: validate] },
    _cached: { shape: [Object], keys: [Array] },
    nonstrict: [Function: passthrough],
    augment: [Function: extend]
  },
  call: [AsyncFunction (anonymous)]
}
[2026-01-06T16:22:55.213+08:00] locateFields [ 'locate' ]
[2026-01-07T11:40:00.313+08:00] actionInActionSpace matched {
  name: 'Input',
  description: 'Input the value into the element',
  interfaceAlias: 'aiInput',
  paramSchema: ZodObject {
    spa: [Function: bound safeParseAsync] AsyncFunction,
    _def: {
      shape: [Function: shape],
      unknownKeys: 'strip',
      catchall: [ZodNever],
      typeName: 'ZodObject'
    },
    parse: [Function: bound parse],
    safeParse: [Function: bound safeParse],
    parseAsync: [Function: bound parseAsync] AsyncFunction,
    safeParseAsync: [Function: bound safeParseAsync] AsyncFunction,
    refine: [Function: bound refine],
    refinement: [Function: bound refinement],
    superRefine: [Function: bound superRefine],
    optional: [Function: bound optional],
    nullable: [Function: bound nullable],
    nullish: [Function: bound nullish],
    array: [Function: bound array],
    promise: [Function: bound promise],
    or: [Function: bound or],
    and: [Function: bound and],
    transform: [Function: bound transform],
    brand: [Function: bound brand],
    default: [Function: bound default],
    catch: [Function: bound catch],
    describe: [Function: bound describe],
    pipe: [Function: bound pipe],
    readonly: [Function: bound readonly],
    isNullable: [Function: bound isNullable],
    isOptional: [Function: bound isOptional],
    '~standard': { version: 1, vendor: 'zod', validate: [Function: validate] },
    _cached: null,
    nonstrict: [Function: passthrough],
    augment: [Function: extend]
  },
  call: [AsyncFunction (anonymous)]
}
[2026-01-07T11:40:00.313+08:00] locateFields [ 'locate' ]
[2026-01-07T11:40:07.936+08:00] actionInActionSpace matched {
  name: 'Input',
  description: 'Input the value into the element',
  interfaceAlias: 'aiInput',
  paramSchema: ZodObject {
    spa: [Function: bound safeParseAsync] AsyncFunction,
    _def: {
      shape: [Function: shape],
      unknownKeys: 'strip',
      catchall: [ZodNever],
      typeName: 'ZodObject'
    },
    parse: [Function: bound parse],
    safeParse: [Function: bound safeParse],
    parseAsync: [Function: bound parseAsync] AsyncFunction,
    safeParseAsync: [Function: bound safeParseAsync] AsyncFunction,
    refine: [Function: bound refine],
    refinement: [Function: bound refinement],
    superRefine: [Function: bound superRefine],
    optional: [Function: bound optional],
    nullable: [Function: bound nullable],
    nullish: [Function: bound nullish],
    array: [Function: bound array],
    promise: [Function: bound promise],
    or: [Function: bound or],
    and: [Function: bound and],
    transform: [Function: bound transform],
    brand: [Function: bound brand],
    default: [Function: bound default],
    catch: [Function: bound catch],
    describe: [Function: bound describe],
    pipe: [Function: bound pipe],
    readonly: [Function: bound readonly],
    isNullable: [Function: bound isNullable],
    isOptional: [Function: bound isOptional],
    '~standard': { version: 1, vendor: 'zod', validate: [Function: validate] },
    _cached: { shape: [Object], keys: [Array] },
    nonstrict: [Function: passthrough],
    augment: [Function: extend]
  },
  call: [AsyncFunction (anonymous)]
}
[2026-01-07T11:40:07.936+08:00] locateFields [ 'locate' ]
[2026-01-07T11:40:14.122+08:00] actionInActionSpace matched {
  name: 'Tap',
  description: 'Tap the element',
  interfaceAlias: 'aiTap',
  paramSchema: ZodObject {
    spa: [Function: bound safeParseAsync] AsyncFunction,
    _def: {
      shape: [Function: shape],
      unknownKeys: 'strip',
      catchall: [ZodNever],
      typeName: 'ZodObject'
    },
    parse: [Function: bound parse],
    safeParse: [Function: bound safeParse],
    parseAsync: [Function: bound parseAsync] AsyncFunction,
    safeParseAsync: [Function: bound safeParseAsync] AsyncFunction,
    refine: [Function: bound refine],
    refinement: [Function: bound refinement],
    superRefine: [Function: bound superRefine],
    optional: [Function: bound optional],
    nullable: [Function: bound nullable],
    nullish: [Function: bound nullish],
    array: [Function: bound array],
    promise: [Function: bound promise],
    or: [Function: bound or],
    and: [Function: bound and],
    transform: [Function: bound transform],
    brand: [Function: bound brand],
    default: [Function: bound default],
    catch: [Function: bound catch],
    describe: [Function: bound describe],
    pipe: [Function: bound pipe],
    readonly: [Function: bound readonly],
    isNullable: [Function: bound isNullable],
    isOptional: [Function: bound isOptional],
    '~standard': { version: 1, vendor: 'zod', validate: [Function: validate] },
    _cached: null,
    nonstrict: [Function: passthrough],
    augment: [Function: extend]
  },
  call: [AsyncFunction (anonymous)]
}
[2026-01-07T11:40:14.122+08:00] locateFields [ 'locate' ]
[2026-01-07T11:40:32.838+08:00] actionInActionSpace matched {
  name: 'Input',
  description: 'Input the value into the element',
  interfaceAlias: 'aiInput',
  paramSchema: ZodObject {
    spa: [Function: bound safeParseAsync] AsyncFunction,
    _def: {
      shape: [Function: shape],
      unknownKeys: 'strip',
      catchall: [ZodNever],
      typeName: 'ZodObject'
    },
    parse: [Function: bound parse],
    safeParse: [Function: bound safeParse],
    parseAsync: [Function: bound parseAsync] AsyncFunction,
    safeParseAsync: [Function: bound safeParseAsync] AsyncFunction,
    refine: [Function: bound refine],
    refinement: [Function: bound refinement],
    superRefine: [Function: bound superRefine],
    optional: [Function: bound optional],
    nullable: [Function: bound nullable],
    nullish: [Function: bound nullish],
    array: [Function: bound array],
    promise: [Function: bound promise],
    or: [Function: bound or],
    and: [Function: bound and],
    transform: [Function: bound transform],
    brand: [Function: bound brand],
    default: [Function: bound default],
    catch: [Function: bound catch],
    describe: [Function: bound describe],
    pipe: [Function: bound pipe],
    readonly: [Function: bound readonly],
    isNullable: [Function: bound isNullable],
    isOptional: [Function: bound isOptional],
    '~standard': { version: 1, vendor: 'zod', validate: [Function: validate] },
    _cached: null,
    nonstrict: [Function: passthrough],
    augment: [Function: extend]
  },
  call: [AsyncFunction (anonymous)]
}
[2026-01-07T11:40:32.838+08:00] locateFields [ 'locate' ]
[2026-01-07T11:40:41.249+08:00] actionInActionSpace matched {
  name: 'Input',
  description: 'Input the value into the element',
  interfaceAlias: 'aiInput',
  paramSchema: ZodObject {
    spa: [Function: bound safeParseAsync] AsyncFunction,
    _def: {
      shape: [Function: shape],
      unknownKeys: 'strip',
      catchall: [ZodNever],
      typeName: 'ZodObject'
    },
    parse: [Function: bound parse],
    safeParse: [Function: bound safeParse],
    parseAsync: [Function: bound parseAsync] AsyncFunction,
    safeParseAsync: [Function: bound safeParseAsync] AsyncFunction,
    refine: [Function: bound refine],
    refinement: [Function: bound refinement],
    superRefine: [Function: bound superRefine],
    optional: [Function: bound optional],
    nullable: [Function: bound nullable],
    nullish: [Function: bound nullish],
    array: [Function: bound array],
    promise: [Function: bound promise],
    or: [Function: bound or],
    and: [Function: bound and],
    transform: [Function: bound transform],
    brand: [Function: bound brand],
    default: [Function: bound default],
    catch: [Function: bound catch],
    describe: [Function: bound describe],
    pipe: [Function: bound pipe],
    readonly: [Function: bound readonly],
    isNullable: [Function: bound isNullable],
    isOptional: [Function: bound isOptional],
    '~standard': { version: 1, vendor: 'zod', validate: [Function: validate] },
    _cached: { shape: [Object], keys: [Array] },
    nonstrict: [Function: passthrough],
    augment: [Function: extend]
  },
  call: [AsyncFunction (anonymous)]
}
[2026-01-07T11:40:41.249+08:00] locateFields [ 'locate' ]
[2026-01-07T11:40:47.483+08:00] actionInActionSpace matched {
  name: 'Tap',
  description: 'Tap the element',
  interfaceAlias: 'aiTap',
  paramSchema: ZodObject {
    spa: [Function: bound safeParseAsync] AsyncFunction,
    _def: {
      shape: [Function: shape],
      unknownKeys: 'strip',
      catchall: [ZodNever],
      typeName: 'ZodObject'
    },
    parse: [Function: bound parse],
    safeParse: [Function: bound safeParse],
    parseAsync: [Function: bound parseAsync] AsyncFunction,
    safeParseAsync: [Function: bound safeParseAsync] AsyncFunction,
    refine: [Function: bound refine],
    refinement: [Function: bound refinement],
    superRefine: [Function: bound superRefine],
    optional: [Function: bound optional],
    nullable: [Function: bound nullable],
    nullish: [Function: bound nullish],
    array: [Function: bound array],
    promise: [Function: bound promise],
    or: [Function: bound or],
    and: [Function: bound and],
    transform: [Function: bound transform],
    brand: [Function: bound brand],
    default: [Function: bound default],
    catch: [Function: bound catch],
    describe: [Function: bound describe],
    pipe: [Function: bound pipe],
    readonly: [Function: bound readonly],
    isNullable: [Function: bound isNullable],
    isOptional: [Function: bound isOptional],
    '~standard': { version: 1, vendor: 'zod', validate: [Function: validate] },
    _cached: null,
    nonstrict: [Function: passthrough],
    augment: [Function: extend]
  },
  call: [AsyncFunction (anonymous)]
}
[2026-01-07T11:40:47.483+08:00] locateFields [ 'locate' ]
[2026-01-07T11:41:15.442+08:00] actionInActionSpace matched {
  name: 'Input',
  description: 'Input the value into the element',
  interfaceAlias: 'aiInput',
  paramSchema: ZodObject {
    spa: [Function: bound safeParseAsync] AsyncFunction,
    _def: {
      shape: [Function: shape],
      unknownKeys: 'strip',
      catchall: [ZodNever],
      typeName: 'ZodObject'
    },
    parse: [Function: bound parse],
    safeParse: [Function: bound safeParse],
    parseAsync: [Function: bound parseAsync] AsyncFunction,
    safeParseAsync: [Function: bound safeParseAsync] AsyncFunction,
    refine: [Function: bound refine],
    refinement: [Function: bound refinement],
    superRefine: [Function: bound superRefine],
    optional: [Function: bound optional],
    nullable: [Function: bound nullable],
    nullish: [Function: bound nullish],
    array: [Function: bound array],
    promise: [Function: bound promise],
    or: [Function: bound or],
    and: [Function: bound and],
    transform: [Function: bound transform],
    brand: [Function: bound brand],
    default: [Function: bound default],
    catch: [Function: bound catch],
    describe: [Function: bound describe],
    pipe: [Function: bound pipe],
    readonly: [Function: bound readonly],
    isNullable: [Function: bound isNullable],
    isOptional: [Function: bound isOptional],
    '~standard': { version: 1, vendor: 'zod', validate: [Function: validate] },
    _cached: null,
    nonstrict: [Function: passthrough],
    augment: [Function: extend]
  },
  call: [AsyncFunction (anonymous)]
}
[2026-01-07T11:41:15.442+08:00] locateFields [ 'locate' ]
[2026-01-07T11:42:04.258+08:00] actionInActionSpace matched {
  name: 'Input',
  description: 'Input the value into the element',
  interfaceAlias: 'aiInput',
  paramSchema: ZodObject {
    spa: [Function: bound safeParseAsync] AsyncFunction,
    _def: {
      shape: [Function: shape],
      unknownKeys: 'strip',
      catchall: [ZodNever],
      typeName: 'ZodObject'
    },
    parse: [Function: bound parse],
    safeParse: [Function: bound safeParse],
    parseAsync: [Function: bound parseAsync] AsyncFunction,
    safeParseAsync: [Function: bound safeParseAsync] AsyncFunction,
    refine: [Function: bound refine],
    refinement: [Function: bound refinement],
    superRefine: [Function: bound superRefine],
    optional: [Function: bound optional],
    nullable: [Function: bound nullable],
    nullish: [Function: bound nullish],
    array: [Function: bound array],
    promise: [Function: bound promise],
    or: [Function: bound or],
    and: [Function: bound and],
    transform: [Function: bound transform],
    brand: [Function: bound brand],
    default: [Function: bound default],
    catch: [Function: bound catch],
    describe: [Function: bound describe],
    pipe: [Function: bound pipe],
    readonly: [Function: bound readonly],
    isNullable: [Function: bound isNullable],
    isOptional: [Function: bound isOptional],
    '~standard': { version: 1, vendor: 'zod', validate: [Function: validate] },
    _cached: { shape: [Object], keys: [Array] },
    nonstrict: [Function: passthrough],
    augment: [Function: extend]
  },
  call: [AsyncFunction (anonymous)]
}
[2026-01-07T11:42:04.258+08:00] locateFields [ 'locate' ]
[2026-01-07T11:42:10.086+08:00] actionInActionSpace matched {
  name: 'Tap',
  description: 'Tap the element',
  interfaceAlias: 'aiTap',
  paramSchema: ZodObject {
    spa: [Function: bound safeParseAsync] AsyncFunction,
    _def: {
      shape: [Function: shape],
      unknownKeys: 'strip',
      catchall: [ZodNever],
      typeName: 'ZodObject'
    },
    parse: [Function: bound parse],
    safeParse: [Function: bound safeParse],
    parseAsync: [Function: bound parseAsync] AsyncFunction,
    safeParseAsync: [Function: bound safeParseAsync] AsyncFunction,
    refine: [Function: bound refine],
    refinement: [Function: bound refinement],
    superRefine: [Function: bound superRefine],
    optional: [Function: bound optional],
    nullable: [Function: bound nullable],
    nullish: [Function: bound nullish],
    array: [Function: bound array],
    promise: [Function: bound promise],
    or: [Function: bound or],
    and: [Function: bound and],
    transform: [Function: bound transform],
    brand: [Function: bound brand],
    default: [Function: bound default],
    catch: [Function: bound catch],
    describe: [Function: bound describe],
    pipe: [Function: bound pipe],
    readonly: [Function: bound readonly],
    isNullable: [Function: bound isNullable],
    isOptional: [Function: bound isOptional],
    '~standard': { version: 1, vendor: 'zod', validate: [Function: validate] },
    _cached: null,
    nonstrict: [Function: passthrough],
    augment: [Function: extend]
  },
  call: [AsyncFunction (anonymous)]
}
[2026-01-07T11:42:10.086+08:00] locateFields [ 'locate' ]
