[2026-01-06T16:22:41.622+08:00] waitForNavigation begin
[2026-01-06T16:22:41.622+08:00] waitForNavigation timeout: 5000
[2026-01-06T16:22:41.655+08:00] waitForNavigation end
[2026-01-06T16:22:41.656+08:00] screenshotBase64 begin
[2026-01-06T16:22:41.771+08:00] screenshotBase64 end, cost: 115ms
[2026-01-06T16:22:41.771+08:00] evaluate function begin
[2026-01-06T16:22:41.772+08:00] evaluate function end
[2026-01-06T16:22:46.606+08:00] waitForNavigation begin
[2026-01-06T16:22:46.606+08:00] waitForNavigation timeout: 5000
[2026-01-06T16:22:46.611+08:00] waitForNavigation end
[2026-01-06T16:22:46.611+08:00] screenshotBase64 begin
[2026-01-06T16:22:46.709+08:00] screenshotBase64 end, cost: 98ms
[2026-01-06T16:22:47.086+08:00] clearInput begin
[2026-01-06T16:22:47.086+08:00] mouse move to 638, 430
[2026-01-06T16:22:47.117+08:00] mouse click 638, 430, left, 3
[2026-01-06T16:22:47.235+08:00] keyboard press [ { key: 'Backspace' } ]
[2026-01-06T16:22:47.239+08:00] mouse move to 638, 430
[2026-01-06T16:22:47.252+08:00] mouse click 638, 430, left, 1
[2026-01-06T16:22:47.357+08:00] keyboard press [ { key: 'Backspace' } ]
[2026-01-06T16:22:47.358+08:00] clearInput end
[2026-01-06T16:22:47.358+08:00] keyboard type chenshuofeng@cvte.com
[2026-01-06T16:22:49.713+08:00] waitForNavigation begin
[2026-01-06T16:22:49.713+08:00] waitForNavigation timeout: 5000
[2026-01-06T16:22:49.720+08:00] waitForNavigation end
[2026-01-06T16:22:49.923+08:00] waitForNavigation begin
[2026-01-06T16:22:49.923+08:00] waitForNavigation timeout: 5000
[2026-01-06T16:22:50.106+08:00] waitForNavigation end
[2026-01-06T16:22:50.107+08:00] screenshotBase64 begin
[2026-01-06T16:22:50.181+08:00] screenshotBase64 end, cost: 75ms
[2026-01-06T16:22:55.213+08:00] waitForNavigation begin
[2026-01-06T16:22:55.213+08:00] waitForNavigation timeout: 5000
[2026-01-06T16:22:55.282+08:00] waitForNavigation end
[2026-01-06T16:22:55.282+08:00] screenshotBase64 begin
[2026-01-06T16:22:55.631+08:00] clearInput begin
[2026-01-07T11:39:54.227+08:00] waitForNavigation begin
[2026-01-07T11:39:54.228+08:00] waitForNavigation timeout: 5000
[2026-01-07T11:39:54.276+08:00] waitForNavigation end
[2026-01-07T11:39:54.276+08:00] screenshotBase64 begin
[2026-01-07T11:39:54.354+08:00] screenshotBase64 end, cost: 78ms
[2026-01-07T11:39:54.354+08:00] evaluate function begin
[2026-01-07T11:39:54.355+08:00] evaluate function end
[2026-01-07T11:40:00.313+08:00] waitForNavigation begin
[2026-01-07T11:40:00.313+08:00] waitForNavigation timeout: 5000
[2026-01-07T11:40:00.317+08:00] waitForNavigation end
[2026-01-07T11:40:00.317+08:00] screenshotBase64 begin
[2026-01-07T11:40:00.390+08:00] screenshotBase64 end, cost: 73ms
[2026-01-07T11:40:00.766+08:00] clearInput begin
[2026-01-07T11:40:00.766+08:00] mouse move to 638, 430
[2026-01-07T11:40:00.790+08:00] mouse click 638, 430, left, 3
[2026-01-07T11:40:00.905+08:00] keyboard press [ { key: 'Backspace' } ]
[2026-01-07T11:40:00.909+08:00] mouse move to 638, 430
[2026-01-07T11:40:00.926+08:00] mouse click 638, 430, left, 1
[2026-01-07T11:40:01.030+08:00] keyboard press [ { key: 'Backspace' } ]
[2026-01-07T11:40:01.031+08:00] clearInput end
[2026-01-07T11:40:01.032+08:00] keyboard type chenshuofeng@cvte.com
[2026-01-07T11:40:03.592+08:00] waitForNavigation begin
[2026-01-07T11:40:03.592+08:00] waitForNavigation timeout: 5000
[2026-01-07T11:40:03.597+08:00] waitForNavigation end
[2026-01-07T11:40:03.802+08:00] waitForNavigation begin
[2026-01-07T11:40:03.802+08:00] waitForNavigation timeout: 5000
[2026-01-07T11:40:03.807+08:00] waitForNavigation end
[2026-01-07T11:40:03.807+08:00] screenshotBase64 begin
[2026-01-07T11:40:03.893+08:00] screenshotBase64 end, cost: 86ms
[2026-01-07T11:40:07.937+08:00] waitForNavigation begin
[2026-01-07T11:40:07.937+08:00] waitForNavigation timeout: 5000
[2026-01-07T11:40:07.940+08:00] waitForNavigation end
[2026-01-07T11:40:07.940+08:00] screenshotBase64 begin
[2026-01-07T11:40:08.023+08:00] screenshotBase64 end, cost: 83ms
[2026-01-07T11:40:08.433+08:00] clearInput begin
[2026-01-07T11:40:08.433+08:00] mouse move to 638, 520
[2026-01-07T11:40:08.451+08:00] mouse click 638, 520, left, 3
[2026-01-07T11:40:08.558+08:00] keyboard press [ { key: 'Backspace' } ]
[2026-01-07T11:40:08.561+08:00] mouse move to 638, 520
[2026-01-07T11:40:08.566+08:00] mouse click 638, 520, left, 1
[2026-01-07T11:40:08.671+08:00] keyboard press [ { key: 'Backspace' } ]
[2026-01-07T11:40:08.672+08:00] clearInput end
[2026-01-07T11:40:08.672+08:00] keyboard type a1234567
[2026-01-07T11:40:09.865+08:00] waitForNavigation begin
[2026-01-07T11:40:09.865+08:00] waitForNavigation timeout: 5000
[2026-01-07T11:40:09.872+08:00] waitForNavigation end
[2026-01-07T11:40:10.075+08:00] waitForNavigation begin
[2026-01-07T11:40:10.075+08:00] waitForNavigation timeout: 5000
[2026-01-07T11:40:10.080+08:00] waitForNavigation end
[2026-01-07T11:40:10.080+08:00] screenshotBase64 begin
[2026-01-07T11:40:10.149+08:00] screenshotBase64 end, cost: 69ms
[2026-01-07T11:40:14.123+08:00] waitForNavigation begin
[2026-01-07T11:40:14.123+08:00] waitForNavigation timeout: 5000
[2026-01-07T11:40:14.128+08:00] waitForNavigation end
[2026-01-07T11:40:14.128+08:00] screenshotBase64 begin
[2026-01-07T11:40:14.216+08:00] screenshotBase64 end, cost: 88ms
[2026-01-07T11:40:14.618+08:00] mouse move to 638, 628
[2026-01-07T11:40:14.644+08:00] mouse click 638, 628, left, 1
[2026-01-07T11:40:14.950+08:00] waitForNavigation begin
[2026-01-07T11:40:14.950+08:00] waitForNavigation timeout: 5000
[2026-01-07T11:40:14.954+08:00] waitForNavigation end
[2026-01-07T11:40:15.154+08:00] waitForNavigation begin
[2026-01-07T11:40:15.154+08:00] waitForNavigation timeout: 5000
[2026-01-07T11:40:15.157+08:00] waitForNavigation end
[2026-01-07T11:40:15.157+08:00] screenshotBase64 begin
[2026-01-07T11:40:15.224+08:00] screenshotBase64 end, cost: 67ms
[2026-01-07T11:40:28.343+08:00] waitForNavigation begin
[2026-01-07T11:40:28.343+08:00] waitForNavigation timeout: 5000
[2026-01-07T11:40:28.363+08:00] waitForNavigation end
[2026-01-07T11:40:28.364+08:00] screenshotBase64 begin
[2026-01-07T11:40:28.450+08:00] screenshotBase64 end, cost: 86ms
[2026-01-07T11:40:28.450+08:00] evaluate function begin
[2026-01-07T11:40:28.451+08:00] evaluate function end
[2026-01-07T11:40:32.838+08:00] waitForNavigation begin
[2026-01-07T11:40:32.838+08:00] waitForNavigation timeout: 5000
[2026-01-07T11:40:32.841+08:00] waitForNavigation end
[2026-01-07T11:40:32.841+08:00] screenshotBase64 begin
[2026-01-07T11:40:32.933+08:00] screenshotBase64 end, cost: 92ms
[2026-01-07T11:40:33.289+08:00] clearInput begin
[2026-01-07T11:40:33.289+08:00] mouse move to 638, 430
[2026-01-07T11:40:33.300+08:00] mouse click 638, 430, left, 3
[2026-01-07T11:40:33.405+08:00] keyboard press [ { key: 'Backspace' } ]
[2026-01-07T11:40:33.409+08:00] mouse move to 638, 430
[2026-01-07T11:40:33.417+08:00] mouse click 638, 430, left, 1
[2026-01-07T11:40:33.521+08:00] keyboard press [ { key: 'Backspace' } ]
[2026-01-07T11:40:33.522+08:00] clearInput end
[2026-01-07T11:40:33.522+08:00] keyboard type chenshuofeng@cvte.com
[2026-01-07T11:40:35.598+08:00] waitForNavigation begin
[2026-01-07T11:40:35.598+08:00] waitForNavigation timeout: 5000
[2026-01-07T11:40:35.602+08:00] waitForNavigation end
[2026-01-07T11:40:35.830+08:00] waitForNavigation begin
[2026-01-07T11:40:35.830+08:00] waitForNavigation timeout: 5000
[2026-01-07T11:40:35.903+08:00] waitForNavigation end
[2026-01-07T11:40:35.903+08:00] screenshotBase64 begin
[2026-01-07T11:40:36.033+08:00] screenshotBase64 end, cost: 130ms
[2026-01-07T11:40:41.250+08:00] waitForNavigation begin
[2026-01-07T11:40:41.250+08:00] waitForNavigation timeout: 5000
[2026-01-07T11:40:41.256+08:00] waitForNavigation end
[2026-01-07T11:40:41.256+08:00] screenshotBase64 begin
[2026-01-07T11:40:41.356+08:00] screenshotBase64 end, cost: 100ms
[2026-01-07T11:40:41.762+08:00] clearInput begin
[2026-01-07T11:40:41.762+08:00] mouse move to 638, 520
[2026-01-07T11:40:41.782+08:00] mouse click 638, 520, left, 3
[2026-01-07T11:40:41.889+08:00] keyboard press [ { key: 'Backspace' } ]
[2026-01-07T11:40:41.891+08:00] mouse move to 638, 520
[2026-01-07T11:40:41.898+08:00] mouse click 638, 520, left, 1
[2026-01-07T11:40:42.001+08:00] keyboard press [ { key: 'Backspace' } ]
[2026-01-07T11:40:42.003+08:00] clearInput end
[2026-01-07T11:40:42.003+08:00] keyboard type a1234567
[2026-01-07T11:40:43.007+08:00] waitForNavigation begin
[2026-01-07T11:40:43.007+08:00] waitForNavigation timeout: 5000
[2026-01-07T11:40:43.009+08:00] waitForNavigation end
[2026-01-07T11:40:43.211+08:00] waitForNavigation begin
[2026-01-07T11:40:43.211+08:00] waitForNavigation timeout: 5000
[2026-01-07T11:40:43.213+08:00] waitForNavigation end
[2026-01-07T11:40:43.213+08:00] screenshotBase64 begin
[2026-01-07T11:40:43.299+08:00] screenshotBase64 end, cost: 86ms
[2026-01-07T11:40:47.483+08:00] waitForNavigation begin
[2026-01-07T11:40:47.483+08:00] waitForNavigation timeout: 5000
[2026-01-07T11:40:47.486+08:00] waitForNavigation end
[2026-01-07T11:40:47.486+08:00] screenshotBase64 begin
[2026-01-07T11:40:47.560+08:00] screenshotBase64 end, cost: 74ms
[2026-01-07T11:40:47.920+08:00] mouse move to 638, 628
[2026-01-07T11:40:47.948+08:00] mouse click 638, 628, left, 1
[2026-01-07T11:40:48.254+08:00] waitForNavigation begin
[2026-01-07T11:40:48.254+08:00] waitForNavigation timeout: 5000
[2026-01-07T11:40:48.257+08:00] waitForNavigation end
[2026-01-07T11:40:48.458+08:00] waitForNavigation begin
[2026-01-07T11:40:48.458+08:00] waitForNavigation timeout: 5000
[2026-01-07T11:40:48.461+08:00] waitForNavigation end
[2026-01-07T11:40:48.461+08:00] screenshotBase64 begin
[2026-01-07T11:40:48.526+08:00] screenshotBase64 end, cost: 65ms
[2026-01-07T11:41:11.022+08:00] waitForNavigation begin
[2026-01-07T11:41:11.022+08:00] waitForNavigation timeout: 5000
[2026-01-07T11:41:11.039+08:00] waitForNavigation end
[2026-01-07T11:41:11.039+08:00] screenshotBase64 begin
[2026-01-07T11:41:11.126+08:00] screenshotBase64 end, cost: 87ms
[2026-01-07T11:41:11.126+08:00] evaluate function begin
[2026-01-07T11:41:11.127+08:00] evaluate function end
[2026-01-07T11:41:15.443+08:00] waitForNavigation begin
[2026-01-07T11:41:15.443+08:00] waitForNavigation timeout: 5000
[2026-01-07T11:41:15.446+08:00] waitForNavigation end
[2026-01-07T11:41:15.446+08:00] screenshotBase64 begin
[2026-01-07T11:41:15.539+08:00] screenshotBase64 end, cost: 93ms
[2026-01-07T11:41:15.935+08:00] clearInput begin
[2026-01-07T11:41:15.935+08:00] mouse move to 642, 434
[2026-01-07T11:41:15.946+08:00] mouse click 642, 434, left, 3
[2026-01-07T11:41:16.051+08:00] keyboard press [ { key: 'Backspace' } ]
[2026-01-07T11:41:16.056+08:00] mouse move to 642, 434
[2026-01-07T11:41:16.063+08:00] mouse click 642, 434, left, 1
[2026-01-07T11:41:16.169+08:00] keyboard press [ { key: 'Backspace' } ]
[2026-01-07T11:41:16.173+08:00] clearInput end
[2026-01-07T11:41:16.174+08:00] keyboard type chenshuofeng@cvte.com
[2026-01-07T11:41:18.285+08:00] waitForNavigation begin
[2026-01-07T11:41:18.285+08:00] waitForNavigation timeout: 5000
[2026-01-07T11:41:18.289+08:00] waitForNavigation end
[2026-01-07T11:41:18.492+08:00] waitForNavigation begin
[2026-01-07T11:41:18.492+08:00] waitForNavigation timeout: 5000
[2026-01-07T11:41:18.497+08:00] waitForNavigation end
[2026-01-07T11:41:18.497+08:00] screenshotBase64 begin
[2026-01-07T11:41:18.580+08:00] screenshotBase64 end, cost: 83ms
[2026-01-07T11:41:58.652+08:00] waitForNavigation begin
[2026-01-07T11:41:58.652+08:00] waitForNavigation timeout: 5000
[2026-01-07T11:41:58.655+08:00] waitForNavigation end
[2026-01-07T11:41:58.655+08:00] screenshotBase64 begin
[2026-01-07T11:41:58.743+08:00] screenshotBase64 end, cost: 88ms
[2026-01-07T11:41:58.895+08:00] waitForNavigation begin
[2026-01-07T11:41:58.895+08:00] waitForNavigation timeout: 5000
[2026-01-07T11:41:58.907+08:00] waitForNavigation end
[2026-01-07T11:41:58.907+08:00] screenshotBase64 begin
[2026-01-07T11:41:58.967+08:00] screenshotBase64 end, cost: 60ms
[2026-01-07T11:42:04.258+08:00] waitForNavigation begin
[2026-01-07T11:42:04.258+08:00] waitForNavigation timeout: 5000
[2026-01-07T11:42:04.263+08:00] waitForNavigation end
[2026-01-07T11:42:04.263+08:00] screenshotBase64 begin
[2026-01-07T11:42:04.358+08:00] screenshotBase64 end, cost: 95ms
[2026-01-07T11:42:04.740+08:00] clearInput begin
[2026-01-07T11:42:04.740+08:00] mouse move to 619, 513
[2026-01-07T11:42:04.762+08:00] mouse click 619, 513, left, 3
[2026-01-07T11:42:04.888+08:00] keyboard press [ { key: 'Backspace' } ]
[2026-01-07T11:42:04.906+08:00] mouse move to 619, 513
[2026-01-07T11:42:04.912+08:00] mouse click 619, 513, left, 1
[2026-01-07T11:42:05.031+08:00] keyboard press [ { key: 'Backspace' } ]
[2026-01-07T11:42:05.032+08:00] clearInput end
[2026-01-07T11:42:05.032+08:00] keyboard type a1234567
[2026-01-07T11:42:06.003+08:00] waitForNavigation begin
[2026-01-07T11:42:06.003+08:00] waitForNavigation timeout: 5000
[2026-01-07T11:42:06.008+08:00] waitForNavigation end
[2026-01-07T11:42:06.209+08:00] waitForNavigation begin
[2026-01-07T11:42:06.209+08:00] waitForNavigation timeout: 5000
[2026-01-07T11:42:06.212+08:00] waitForNavigation end
[2026-01-07T11:42:06.212+08:00] screenshotBase64 begin
[2026-01-07T11:42:06.311+08:00] screenshotBase64 end, cost: 99ms
[2026-01-07T11:42:06.452+08:00] waitForNavigation begin
[2026-01-07T11:42:06.452+08:00] waitForNavigation timeout: 5000
[2026-01-07T11:42:06.465+08:00] waitForNavigation end
[2026-01-07T11:42:06.465+08:00] screenshotBase64 begin
[2026-01-07T11:42:06.550+08:00] screenshotBase64 end, cost: 85ms
[2026-01-07T11:42:10.086+08:00] waitForNavigation begin
[2026-01-07T11:42:10.086+08:00] waitForNavigation timeout: 5000
[2026-01-07T11:42:10.089+08:00] waitForNavigation end
[2026-01-07T11:42:10.089+08:00] screenshotBase64 begin
[2026-01-07T11:42:10.164+08:00] screenshotBase64 end, cost: 75ms
[2026-01-07T11:42:10.550+08:00] mouse move to 638, 627
[2026-01-07T11:42:10.562+08:00] mouse click 638, 627, left, 1
[2026-01-07T11:42:10.869+08:00] waitForNavigation begin
[2026-01-07T11:42:10.869+08:00] waitForNavigation timeout: 5000
[2026-01-07T11:42:10.872+08:00] waitForNavigation end
[2026-01-07T11:42:11.073+08:00] waitForNavigation begin
[2026-01-07T11:42:11.073+08:00] waitForNavigation timeout: 5000
[2026-01-07T11:42:11.085+08:00] waitForNavigation end
[2026-01-07T11:42:11.085+08:00] screenshotBase64 begin
[2026-01-07T11:42:11.156+08:00] screenshotBase64 end, cost: 71ms
